Estableciendo el conducto a PAUSA …
El conducto está vivo y no necesita PREPARARSE …
Se obtuvo contexto del elemento «souphttpsrc0»: gst.soup.session=context, session=(SoupSession)NULL, force=(boolean)false;
Estableciendo el conducto a REPRODUCIENDO …
New clock: GstSystemClock
/GstPipeline:pipeline0/GstCapsFilter:capsfilter0.GstPad:src: caps = audio/x-raw, format=(string)S16LE, layout=(string)interleaved, rate=(int)44100, channels=(int)1
/GstPipeline:pipeline0/GstQueue:queue0.GstPad:sink: caps = audio/x-raw, format=(string)S16LE, layout=(string)interleaved, rate=(int)44100, channels=(int)1
/GstPipeline:pipeline0/GstQueue:queue0.GstPad:src: caps = audio/x-raw, format=(string)S16LE, layout=(string)interleaved, rate=(int)44100, channels=(int)1
Redistribuir latencia…
/GstPipeline:pipeline0/GstPulseSink:pulsesink0.GstPad:sink: caps = audio/x-raw, format=(string)S16LE, layout=(string)interleaved, rate=(int)44100, channels=(int)1
/GstPipeline:pipeline0/GstDecodeBin:decodebin0.GstGhostPad:sink.GstProxyPad:proxypad0: caps = image/jpeg
/GstPipeline:pipeline0/GstDecodeBin:decodebin0/GstTypeFindElement:typefind.GstPad:src: caps = image/jpeg
/GstPipeline:pipeline0/GstDecodeBin:decodebin0/GstJpegDec:jpegdec0.GstPad:sink: caps = image/jpeg
/GstPipeline:pipeline0/GstDecodeBin:decodebin0/GstTypeFindElement:typefind.GstPad:sink: caps = image/jpeg
/GstPipeline:pipeline0/GstDecodeBin:decodebin0.GstGhostPad:sink: caps = image/jpeg
/GstPipeline:pipeline0/GstDecodeBin:decodebin0/GstJpegDec:jpegdec0.GstPad:src: caps = video/x-raw, format=(string)I420, width=(int)1920, height=(int)1080, interlace-mode=(string)progressive, multiview-mode=(string)mono, multiview-flags=(GstVideoMultiviewFlagsSet)0:ffffffff:/right-view-first/left-flipped/left-flopped/right-flipped/right-flopped/half-aspect/mixed-mono, pixel-aspect-ratio=(fraction)1/1, chroma-site=(string)mpeg2, colorimetry=(string)1:4:0:0, framerate=(fraction)0/1
/GstPipeline:pipeline0/GstDecodeBin:decodebin0.GstDecodePad:src_0.GstProxyPad:proxypad1: caps = video/x-raw, format=(string)I420, width=(int)1920, height=(int)1080, interlace-mode=(string)progressive, multiview-mode=(string)mono, multiview-flags=(GstVideoMultiviewFlagsSet)0:ffffffff:/right-view-first/left-flipped/left-flopped/right-flipped/right-flopped/half-aspect/mixed-mono, pixel-aspect-ratio=(fraction)1/1, chroma-site=(string)mpeg2, colorimetry=(string)1:4:0:0, framerate=(fraction)0/1
ERROR: del elemento /GstPipeline:pipeline0/GstSoupHTTPSrc:souphttpsrc1: Internal data stream error.
Información adicional de depuración:
gstbasesrc.c(3055): gst_base_src_loop (): /GstPipeline:pipeline0/GstSoupHTTPSrc:souphttpsrc1:
streaming stopped, reason not-negotiated (-4)
EOS al cerrar habilitado -- esperando EOS después de error
Esperando a EOS…
ERROR: del elemento /GstPipeline:pipeline0/GstQueue:queue1: Internal data stream error.
Información adicional de depuración:
gstqueue.c(988): gst_queue_handle_sink_event (): /GstPipeline:pipeline0/GstQueue:queue1:
streaming stopped, reason not-negotiated (-4)
handling interrupt.
Interrumpir: parando el conducto …
Interrupción a la espera de EOS - parando el conducto...
Execution ended after 0:06:16.614027259
Estableciendo el conducto a PAUSA …
Estableciando el conducto a PREPARADO …
Estableciendo el conducto a NULL …
Liberando la tubería…
